<?xml version="1.0" encoding="UTF-8" ?>
<testsuite tests="9" failures="0" name="com.yrd.test.MyBatisTest" time="1.603" errors="0" skipped="0">
  <properties>
[...]
</properties>
  <testcase classname="com.yrd.test.MyBatisTest" name="com.yrd.test.MyBatisTest.testSelecByCondition" time="1.145"/>
  <testcase classname="com.yrd.test.MyBatisTest" name="com.yrd.test.MyBatisTest.testSelecByConditionSingle" time="0.072"/>
  <testcase classname="com.yrd.test.MyBatisTest" name="com.yrd.test.MyBatisTest.testupdata" time="0.067"/>
  <testcase classname="com.yrd.test.MyBatisTest" name="com.yrd.test.MyBatisTest.testAdd" time="0.061"/>
  <testcase classname="com.yrd.test.MyBatisTest" name="com.yrd.test.MyBatisTest.testdeleteById" time="0.05"/>
  <testcase classname="com.yrd.test.MyBatisTest" name="com.yrd.test.MyBatisTest.testzhujie" time="0.028"/>
  <testcase classname="com.yrd.test.MyBatisTest" name="com.yrd.test.MyBatisTest.testSelecById" time="0.055"/>
  <testcase classname="com.yrd.test.MyBatisTest" name="com.yrd.test.MyBatisTest.testSelectAll" time="0.06"/>
  <testcase classname="com.yrd.test.MyBatisTest" name="com.yrd.test.MyBatisTest.testdeleteByIds" time="0.065"/>
</testsuite>